<?xml version="1.0" encoding="utf-8"?><testsuites name="pytest tests"><testsuite name="pytest" errors="0" failures="0" skipped="0" tests="12" time="2.084" timestamp="2026-08-30T10:31:36.558300+00:00" hostname="agent-env-c5694d93-23c4-4574-b0fc-1f42d770b66f"><testcase classname="tests.test_candle_api.TestPairs" name="test_create_seeds_six_memories" time="0.323" /><testcase classname="tests.test_candle_api.TestSealAndReveal" name="test_state_open_before_any_answer" time="0.375" /><testcase classname="tests.test_candle_api.TestPairs" name="test_join_wrong_code_404" time="0.053" /><testcase classname="tests.test_candle_api.TestSealAndReveal" name="test_first_submit_hides_body" time="0.129" /><testcase classname="tests.test_candle_api.TestSealAndReveal" name="test_second_submit_reveals_and_increments_streak" time="0.044" /><testcase classname="tests.test_candle_api.TestPairs" name="test_by_device_returns_pair_with_partner" time="0.215" /><testcase classname="tests.test_candle_api.TestSealAndReveal" name="test_repeat_submit_does_not_double_increment" time="0.088" /><testcase classname="tests.test_candle_api.TestWebSocket" name="test_reveal_event_broadcast" time="0.515" /><testcase classname="tests.test_candle_api.TestKiss" name="test_kiss_ok" time="0.088" /><testcase classname="tests.test_candle_api.TestMemories" name="test_add_memory" time="0.084" /><testcase classname="tests.test_candle_api.TestWebSocket" name="test_kiss_rebroadcast_via_ws" time="0.285" /><testcase classname="tests.test_candle_api.TestPlans" name="test_full_lifecycle" time="0.370" /></testsuite></testsuites>